<?xml version="1.0" encoding="utf-8"?><testsuites name="pytest tests"><testsuite name="pytest" errors="0" failures="0" skipped="0" tests="8" time="1.820" timestamp="2026-07-04T18:17:56.050925+00:00" hostname="agent-env-b8e93e55-7f8d-491a-b87f-a32a2e54010e"><testcase classname="tests.backend_test.TestAuthRequiredRoutes" name="test_auth_me_unauthenticated" time="0.613" /><testcase classname="tests.backend_test.TestPublicRoutes" name="test_root_api" time="0.740" /><testcase classname="tests.backend_test.TestAuthRequiredRoutes" name="test_auth_me_authenticated" time="0.084" /><testcase classname="tests.backend_test.TestAuthRequiredRoutes" name="test_manage_services" time="0.303" /><testcase classname="tests.backend_test.TestPublicRoutes" name="test_list_freelancers" time="0.120" /><testcase classname="tests.backend_test.TestPublicRoutes" name="test_get_freelancer_by_id" time="0.082" /><testcase classname="tests.backend_test.TestPublicRoutes" name="test_client_demand_lifecycle" time="0.142" /><testcase classname="tests.backend_test.TestAuthRequiredRoutes" name="test_manage_portfolio" time="0.278" /></testsuite></testsuites>